TN:
SF:/Users/swapnilchute/Documents/2019-LEARN/MindScript/UnitTests/src/polyfills.ts
FNF:0
FNH:0
LF:0
LH:0
BRF:0
BRH:0
end_of_record
TN:
SF:/Users/swapnilchute/Documents/2019-LEARN/MindScript/UnitTests/src/test.ts
FNF:0
FNH:0
DA:13,1
DA:18,1
DA:20,1
LF:3
LH:3
BRF:0
BRH:0
end_of_record
TN:
SF:/Users/swapnilchute/Documents/2019-LEARN/MindScript/UnitTests/src/app/app.component.ts
FN:3,AppComponent
FN:11,(anonymous_2)
FNF:2
FNH:2
FNDA:3,AppComponent
FNDA:1,(anonymous_2)
DA:8,1
DA:9,3
DA:11,1
DA:12,1
DA:13,1
DA:14,1
DA:16,1
LF:7
LH:7
BRF:0
BRH:0
end_of_record
TN:
SF:/Users/swapnilchute/Documents/2019-LEARN/MindScript/UnitTests/src/app/courses/course.service.ts
FN:16,CourseService
FN:18,(anonymous_2)
FNF:2
FNH:2
FNDA:9,CourseService
FNDA:8,(anonymous_2)
DA:11,1
DA:12,9
DA:16,9
DA:18,1
DA:19,8
DA:25,1
LF:6
LH:6
BRF:0
BRH:0
end_of_record
TN:
SF:/Users/swapnilchute/Documents/2019-LEARN/MindScript/UnitTests/src/app/courses/course-list/course-list.component.ts
FN:31,CourseListComponent
FN:19,(anonymous_2)
FN:23,(anonymous_3)
FN:34,(anonymous_4)
FN:38,(anonymous_5)
FN:43,(anonymous_6)
FN:50,(anonymous_7)
FN:54,(anonymous_8)
FN:56,(anonymous_9)
FN:59,(anonymous_10)
FNF:10
FNH:10
FNDA:8,CourseListComponent
FNDA:26,(anonymous_2)
FNDA:2,(anonymous_3)
FNDA:13,(anonymous_4)
FNDA:4,(anonymous_5)
FNDA:1,(anonymous_6)
FNDA:1,(anonymous_7)
FNDA:1,(anonymous_8)
FNDA:1,(anonymous_9)
FNDA:1,(anonymous_10)
DA:9,1
DA:11,8
DA:12,8
DA:20,26
DA:24,2
DA:25,2
DA:31,8
DA:34,13
DA:36,13
DA:39,4
DA:40,4
DA:41,4
DA:44,1
DA:45,1
DA:50,1
DA:51,1
DA:54,1
DA:55,1
DA:56,1
DA:59,1
DA:60,1
DA:61,1
DA:64,1
LF:23
LH:23
BRDA:25,0,0,1
BRDA:25,0,1,1
BRF:2
BRH:2
end_of_record
TN:
SF:/Users/swapnilchute/Documents/2019-LEARN/MindScript/UnitTests/src/app/shared/star.component.ts
FN:3,StarComponent
FN:13,(anonymous_2)
FN:17,(anonymous_3)
FNF:3
FNH:3
FNDA:5,StarComponent
FNDA:5,(anonymous_2)
FNDA:2,(anonymous_3)
DA:8,1
DA:9,1
DA:11,5
DA:13,1
DA:14,5
DA:17,1
DA:18,2
DA:21,1
LF:8
LH:8
BRF:0
BRH:0
end_of_record
